<?xml version="1.0" encoding="UTF-8"?>
<!-- Generated by org.testng.reporters.JUnitXMLReporter -->
<testsuite ignored="2" hostname="LAPTOP-UUVR85DV" failures="1" tests="1" name="Tes Google" time="3.903" errors="0" timestamp="2025-02-27T16:34:01 IST">
  <testcase classname="screenshotCapturingInExtentReportday_03.testcasesExtent" name="testgooglee" time="2.318">
    <failure type="java.lang.AssertionError" message="expected [Google] but found [Googlee]">
      <![CDATA[java.lang.AssertionError: expected [Google] but found [Googlee]
at screenshotCapturingInExtentReportday_03.testcasesExtent.testgooglee(testcasesExtent.java:26)
at java.base/java.util.ArrayList.forEach(ArrayList.java:1597)
... Removed 31 stack frames]]>
    </failure>
  </testcase> <!-- testgooglee -->
  <testcase classname="screenshotCapturingInExtentReportday_03.testcasesExtent" name="testfacebooks" time="0.0">
    <ignored/>
  </testcase> <!-- testfacebooks -->
  <testcase classname="screenshotCapturingInExtentReportday_03.testcasesExtent" name="testorange" time="0.0">
    <ignored/>
  </testcase> <!-- testorange -->
</testsuite> <!-- Tes Google -->
